2013-08-28 14:28:56,337 - [INFO] - from play in main 
Listening for HTTP on /0:0:0:0:0:0:0:0:9000

2013-08-28 14:29:10,214 - [INFO] - from play in play-internal-execution-context-1 
Application started (Dev)

2013-08-28 14:33:21,296 - [ERROR] - from application in New I/O worker #5 


! @6fdk843h0 - Internal server error, for (GET) [/] ->

sbt.PlayExceptions$CompilationException: Compilation error[value Assets is not a member of object controllers.routes]
	at sbt.PlayReloader$$anon$2$$anonfun$reload$2$$anonfun$apply$15$$anonfun$apply$16.apply(PlayReloader.scala:349) ~[na:na]
	at sbt.PlayReloader$$anon$2$$anonfun$reload$2$$anonfun$apply$15$$anonfun$apply$16.apply(PlayReloader.scala:349) ~[na:na]
	at scala.Option.map(Option.scala:133) ~[scala-library.jar:na]
	at sbt.PlayReloader$$anon$2$$anonfun$reload$2$$anonfun$apply$15.apply(PlayReloader.scala:349) ~[na:na]
	at sbt.PlayReloader$$anon$2$$anonfun$reload$2$$anonfun$apply$15.apply(PlayReloader.scala:346) ~[na:na]
	at scala.Option.map(Option.scala:133) ~[scala-library.jar:na]
	at sbt.PlayReloader$$anon$2$$anonfun$reload$2.apply(PlayReloader.scala:346) ~[na:na]
	at sbt.PlayReloader$$anon$2$$anonfun$reload$2.apply(PlayReloader.scala:344) ~[na:na]
	at scala.Either$LeftProjection.map(Either.scala:374) ~[na:na]
	at sbt.PlayReloader$$anon$2.reload(PlayReloader.scala:344) ~[na:na]
	at play.core.ReloadableApplication$$anonfun$get$1.apply(ApplicationProvider.scala:106) ~[play_2.10.jar:2.1.3]
	at play.core.ReloadableApplication$$anonfun$get$1.apply(ApplicationProvider.scala:104) ~[play_2.10.jar:2.1.3]
	at scala.concurrent.impl.Future$PromiseCompletingRunnable.liftedTree1$1(Future.scala:24) ~[scala-library.jar:na]
	at scala.concurrent.impl.Future$PromiseCompletingRunnable.run(Future.scala:24) ~[scala-library.jar:na]
	at java.util.concurrent.ThreadPoolExecutor.runWorker(Unknown Source) [na:1.7.0_15]
	at java.util.concurrent.ThreadPoolExecutor$Worker.run(Unknown Source) [na:1.7.0_15]
	at java.lang.Thread.run(Unknown Source) [na:1.7.0_15]

2013-08-28 14:34:31,564 - [INFO] - from play in play-internal-execution-context-3 
Application started (Dev)

2013-08-28 14:35:38,465 - [INFO] - from play in play-internal-execution-context-2 
Application started (Dev)

2013-08-28 14:39:12,505 - [INFO] - from play in play-internal-execution-context-3 
Application started (Dev)

2013-08-28 14:40:16,284 - [INFO] - from play in play-internal-execution-context-3 
Application started (Dev)

2013-08-28 14:41:23,308 - [INFO] - from play in play-internal-execution-context-4 
Application started (Dev)

2013-08-28 14:42:39,570 - [INFO] - from play in play-internal-execution-context-4 
Application started (Dev)

2013-08-28 14:44:08,720 - [INFO] - from play in play-internal-execution-context-1 
Application started (Dev)

2013-08-28 14:44:23,499 - [INFO] - from play in play-internal-execution-context-4 
Application started (Dev)

2013-08-28 14:45:40,631 - [INFO] - from play in play-internal-execution-context-1 
Application started (Dev)

2013-08-28 14:46:49,130 - [INFO] - from play in play-internal-execution-context-3 
Application started (Dev)

